#
# There is insufficient memory for the Java Runtime Environment to continue.
# Native memory allocation (malloc) failed to allocate 32744 bytes for ChunkPool::allocate
# Possible reasons:
#   The system is out of physical RAM or swap space
#   The process is running with CompressedOops enabled, and the Java Heap may be blocking the growth of the native heap
# Possible solutions:
#   Reduce memory load on the system
#   Increase physical memory or swap space
#   Check if swap backing store is full
#   Decrease Java heap size (-Xmx/-Xms)
#   Decrease number of Java threads
#   Decrease Java thread stack sizes (-Xss)
#   Set larger code cache with -XX:ReservedCodeCacheSize=
#   JVM is running with Unscaled Compressed Oops mode in which the Java heap is
#     placed in the first 4GB address space. The Java Heap base address is the
#     maximum limit for the native heap growth. Please use -XX:HeapBaseMinAddress
#     to set the Java Heap base and to place the Java Heap above 4GB virtual address.
# This output file may be truncated or incomplete.
#
#  Out of Memory Error (arena.cpp:78), pid=23440, tid=21676
#
# JRE version: Java(TM) SE Runtime Environment (17.0.7+8) (build 17.0.7+8-LTS-224)
# Java VM: Java HotSpot(TM) 64-Bit Server VM (17.0.7+8-LTS-224, mixed mode, sharing, tiered, compressed oops, compressed class ptrs, g1 gc, windows-amd64)
# No core dump will be written. Minidumps are not enabled by default on client versions of Windows
#

---------------  S U M M A R Y ------------

Command Line: -Dfile.encoding=UTF-8 -XX:+ShowCodeDetailsInExceptionMessages com.br.collectioncomparison.view.ComparableView

Host: Intel(R) Core(TM) i7-4510U CPU @ 2.00GHz, 4 cores, 7G,  Windows 10 , 64 bit Build 19041 (10.0.19041.3636)
Time: Sat Feb 24 20:08:24 2024 Hora oficial do Brasil elapsed time: 9.128767 seconds (0d 0h 0m 9s)

---------------  T H R E A D  ---------------

Current thread (0x000001c0ff06a8a0):  JavaThread "C1 CompilerThread0" daemon [_thread_in_native, id=21676, stack(0x0000007f90000000,0x0000007f90100000)]


Current CompileTask:
C1:   9128 1679   !   3       java.awt.DefaultKeyboardFocusManager::dispatchEvent (1621 bytes)

Stack: [0x0000007f90000000,0x0000007f90100000]
Native frames: (J=compiled Java code, j=interpreted, Vv=VM code, C=native code)
V  [jvm.dll+0x676a4a]
V  [jvm.dll+0x7d74f4]
V  [jvm.dll+0x7d8c9e]
V  [jvm.dll+0x7d9303]
V  [jvm.dll+0x2452c5]
V  [jvm.dll+0xaac80]
V  [jvm.dll+0xaafcc]
V  [jvm.dll+0x14c372]
V  [jvm.dll+0x140405]
V  [jvm.dll+0x13e575]
V  [jvm.dll+0x1386b8]
V  [jvm.dll+0x147c16]
V  [jvm.dll+0x133dc0]
V  [jvm.dll+0x134120]
V  [jvm.dll+0x1343e8]
V  [jvm.dll+0x133881]
V  [jvm.dll+0x13552d]
V  [jvm.dll+0x226a6e]
V  [jvm.dll+0x224e15]
V  [jvm.dll+0x78d05c]
V  [jvm.dll+0x78759a]
V  [jvm.dll+0x675875]
C  [ucrtbase.dll+0x21bb2]
C  [KERNEL32.DLL+0x17344]
C  [ntdll.dll+0x526b1]


---------------  P R O C E S S  ---------------

Threads class SMR info:
_java_thread_list=0x000001c0831ed060, length=17, elements={
0x000001c0ff035c50, 0x000001c0ff036ed0, 0x000001c0ff0469c0, 0x000001c0ff047480,
0x000001c0ff049d50, 0x000001c0ff04a610, 0x000001c0ff04b200, 0x000001c0ff06a8a0,
0x000001c0ff0bfd00, 0x000001c0ffca3c00, 0x000001c0ffcb2550, 0x000001c0ffebc360,
0x000001c0ffebf2f0, 0x000001c0ffec6800, 0x000001c0fff69010, 0x000001c082f92f70,
0x000001c082f90dc0
}

Java Threads: ( => current thread )
  0x000001c0ff035c50 JavaThread "Reference Handler" daemon [_thread_blocked, id=23528, stack(0x0000007f8f900000,0x0000007f8fa00000)]
  0x000001c0ff036ed0 JavaThread "Finalizer" daemon [_thread_blocked, id=23532, stack(0x0000007f8fa00000,0x0000007f8fb00000)]
  0x000001c0ff0469c0 JavaThread "Signal Dispatcher" daemon [_thread_blocked, id=20100, stack(0x0000007f8fb00000,0x0000007f8fc00000)]
  0x000001c0ff047480 JavaThread "Attach Listener" daemon [_thread_blocked, id=11072, stack(0x0000007f8fc00000,0x0000007f8fd00000)]
  0x000001c0ff049d50 JavaThread "Service Thread" daemon [_thread_blocked, id=22552, stack(0x0000007f8fd00000,0x0000007f8fe00000)]
  0x000001c0ff04a610 JavaThread "Monitor Deflation Thread" daemon [_thread_blocked, id=22628, stack(0x0000007f8fe00000,0x0000007f8ff00000)]
  0x000001c0ff04b200 JavaThread "C2 CompilerThread0" daemon [_thread_blocked, id=11012, stack(0x0000007f8ff00000,0x0000007f90000000)]
=>0x000001c0ff06a8a0 JavaThread "C1 CompilerThread0" daemon [_thread_in_native, id=21676, stack(0x0000007f90000000,0x0000007f90100000)]
  0x000001c0ff0bfd00 JavaThread "Sweeper thread" daemon [_thread_blocked, id=22644, stack(0x0000007f90100000,0x0000007f90200000)]
  0x000001c0ffca3c00 JavaThread "Notification Thread" daemon [_thread_blocked, id=22652, stack(0x0000007f90200000,0x0000007f90300000)]
  0x000001c0ffcb2550 JavaThread "Common-Cleaner" daemon [_thread_blocked, id=22648, stack(0x0000007f90400000,0x0000007f90500000)]
  0x000001c0ffebc360 JavaThread "Java2D Disposer" daemon [_thread_blocked, id=5176, stack(0x0000007f90500000,0x0000007f90600000)]
  0x000001c0ffebf2f0 JavaThread "AWT-Shutdown" [_thread_blocked, id=22656, stack(0x0000007f90600000,0x0000007f90700000)]
  0x000001c0ffec6800 JavaThread "AWT-Windows" daemon [_thread_in_native, id=22660, stack(0x0000007f90700000,0x0000007f90800000)]
  0x000001c0fff69010 JavaThread "AWT-EventQueue-0" [_thread_blocked, id=22024, stack(0x0000007f90800000,0x0000007f90900000)]
  0x000001c082f92f70 JavaThread "DestroyJavaVM" [_thread_blocked, id=23496, stack(0x0000007f8f200000,0x0000007f8f300000)]
  0x000001c082f90dc0 JavaThread "TimerQueue" daemon [_thread_blocked, id=22680, stack(0x0000007f90e00000,0x0000007f90f00000)]

Other Threads:
  0x000001c0ff030480 VMThread "VM Thread" [stack: 0x0000007f8f800000,0x0000007f8f900000] [id=23524]
  0x000001c0ffca40d0 WatcherThread [stack: 0x0000007f90300000,0x0000007f90400000] [id=22640]
  0x000001c0e385c620 GCTaskThread "GC Thread#0" [stack: 0x0000007f8f300000,0x0000007f8f400000] [id=23500]
  0x000001c0833d5d00 GCTaskThread "GC Thread#1" [stack: 0x0000007f90a00000,0x0000007f90b00000] [id=22684]
  0x000001c0832ec320 GCTaskThread "GC Thread#2" [stack: 0x0000007f90b00000,0x0000007f90c00000] [id=22688]
  0x000001c0833d63b0 GCTaskThread "GC Thread#3" [stack: 0x0000007f90c00000,0x0000007f90d00000] [id=22692]
  0x000001c0e386d890 ConcurrentGCThread "G1 Main Marker" [stack: 0x0000007f8f400000,0x0000007f8f500000] [id=23504]
  0x000001c0e386e1b0 ConcurrentGCThread "G1 Conc#0" [stack: 0x0000007f8f500000,0x0000007f8f600000] [id=23508]
  0x000001c0e38d7710 ConcurrentGCThread "G1 Refine#0" [stack: 0x0000007f8f600000,0x0000007f8f700000] [id=23512]
  0x000001c08335e920 ConcurrentGCThread "G1 Refine#1" [stack: 0x0000007f90d00000,0x0000007f90e00000] [id=22696]
  0x000001c0e38d8040 ConcurrentGCThread "G1 Service" [stack: 0x0000007f8f700000,0x0000007f8f800000] [id=23516]

Threads with active compile tasks:
C1 CompilerThread0     9193 1679   !   3       java.awt.DefaultKeyboardFocusManager::dispatchEvent (1621 bytes)

VM state: not at safepoint (normal execution)

VM Mutex/Monitor currently owned by a thread: None

Heap address: 0x0000000081c00000, size: 2020 MB, Compressed Oops mode: 32-bit

CDS archive(s) mapped at: [0x0000000800000000-0x0000000800bd0000-0x0000000800bd0000), size 12386304, SharedBaseAddress: 0x0000000800000000, ArchiveRelocationMode: 0.
Compressed class space mapped at: 0x0000000800c00000-0x0000000840c00000, reserved size: 1073741824
Narrow klass base: 0x0000000800000000, Narrow klass shift: 0, Narrow klass range: 0x100000000

GC Precious Log:
 CPUs: 4 total, 4 available
 Memory: 8072M
 Large Page Support: Disabled
 NUMA Support: Disabled
 Compressed Oops: Enabled (32-bit)
 Heap Region Size: 1M
 Heap Min Capacity: 8M
 Heap Initial Capacity: 128M
 Heap Max Capacity: 2020M
 Pre-touch: Disabled
 Parallel Workers: 4
 Concurrent Workers: 1
 Concurrent Refinement Workers: 4
 Periodic GC: Disabled

Heap:
 garbage-first heap   total 131072K, used 40342K [0x0000000081c00000, 0x0000000100000000)
  region size 1024K, 10 young (10240K), 2 survivors (2048K)
 Metaspace       used 11337K, committed 11520K, reserved 1064960K
  class space    used 1323K, committed 1408K, reserved 1048576K

Heap Regions: E=young(eden), S=young(survivor), O=old, HS=humongous(starts), HC=humongous(continues), CS=collection set, F=free, OA=open archive, CA=closed archive, TAMS=top-at-mark-start (previous, next)
|   0|0x0000000081c00000, 0x0000000081d00000, 0x0000000081d00000|100%|HS|  |TAMS 0x0000000081c00000, 0x0000000081c00000| Complete 
|   1|0x0000000081d00000, 0x0000000081e00000, 0x0000000081e00000|100%|HC|  |TAMS 0x0000000081d00000, 0x0000000081d00000| Complete 
|   2|0x0000000081e00000, 0x0000000081f00000, 0x0000000081f00000|100%| O|  |TAMS 0x0000000081e00000, 0x0000000081e00000| Untracked 
|   3|0x0000000081f00000, 0x0000000081f65a00, 0x0000000082000000| 39%| O|  |TAMS 0x0000000081f00000, 0x0000000081f00000| Untracked 
|   4|0x0000000082000000, 0x0000000082100000, 0x0000000082100000|100%|HS|  |TAMS 0x0000000082000000, 0x0000000082000000| Complete 
|   5|0x0000000082100000, 0x0000000082200000, 0x0000000082200000|100%|HC|  |TAMS 0x0000000082100000, 0x0000000082100000| Complete 
|   6|0x0000000082200000, 0x0000000082300000, 0x0000000082300000|100%|HS|  |TAMS 0x0000000082200000, 0x0000000082200000| Complete 
|   7|0x0000000082300000, 0x0000000082400000, 0x0000000082400000|100%|HC|  |TAMS 0x0000000082300000, 0x0000000082300000| Complete 
|   8|0x0000000082400000, 0x0000000082500000, 0x0000000082500000|100%|HS|  |TAMS 0x0000000082400000, 0x0000000082400000| Complete 
|   9|0x0000000082500000, 0x0000000082600000, 0x0000000082600000|100%|HC|  |TAMS 0x0000000082500000, 0x0000000082500000| Complete 
|  10|0x0000000082600000, 0x0000000082700000, 0x0000000082700000|100%|HS|  |TAMS 0x0000000082600000, 0x0000000082600000| Complete 
|  11|0x0000000082700000, 0x0000000082800000, 0x0000000082800000|100%|HC|  |TAMS 0x0000000082700000, 0x0000000082700000| Complete 
|  12|0x0000000082800000, 0x0000000082900000, 0x0000000082900000|100%|HC|  |TAMS 0x0000000082800000, 0x0000000082800000| Complete 
|  13|0x0000000082900000, 0x0000000082a00000, 0x0000000082a00000|100%|HS|  |TAMS 0x0000000082900000, 0x0000000082900000| Complete 
|  14|0x0000000082a00000, 0x0000000082b00000, 0x0000000082b00000|100%|HC|  |TAMS 0x0000000082a00000, 0x0000000082a00000| Complete 
|  15|0x0000000082b00000, 0x0000000082c00000, 0x0000000082c00000|100%|HC|  |TAMS 0x0000000082b00000, 0x0000000082b00000| Complete 
|  16|0x0000000082c00000, 0x0000000082d00000, 0x0000000082d00000|100%|HS|  |TAMS 0x0000000082c00000, 0x0000000082c00000| Complete 
|  17|0x0000000082d00000, 0x0000000082e00000, 0x0000000082e00000|100%|HC|  |TAMS 0x0000000082d00000, 0x0000000082d00000| Complete 
|  18|0x0000000082e00000, 0x0000000082f00000, 0x0000000082f00000|100%|HC|  |TAMS 0x0000000082e00000, 0x0000000082e00000| Complete 
|  19|0x0000000082f00000, 0x0000000083000000, 0x0000000083000000|100%|HS|  |TAMS 0x0000000082f00000, 0x0000000082f00000| Complete 
|  20|0x0000000083000000, 0x0000000083100000, 0x0000000083100000|100%|HC|  |TAMS 0x0000000083000000, 0x0000000083000000| Complete 
|  21|0x0000000083100000, 0x0000000083200000, 0x0000000083200000|100%|HC|  |TAMS 0x0000000083100000, 0x0000000083100000| Complete 
|  22|0x0000000083200000, 0x0000000083300000, 0x0000000083300000|100%|HS|  |TAMS 0x0000000083200000, 0x0000000083200000| Complete 
|  23|0x0000000083300000, 0x0000000083400000, 0x0000000083400000|100%|HC|  |TAMS 0x0000000083300000, 0x0000000083300000| Complete 
|  24|0x0000000083400000, 0x0000000083500000, 0x0000000083500000|100%|HC|  |TAMS 0x0000000083400000, 0x0000000083400000| Complete 
|  25|0x0000000083500000, 0x0000000083600000, 0x0000000083600000|100%|HS|  |TAMS 0x0000000083500000, 0x0000000083500000| Complete 
|  26|0x0000000083600000, 0x0000000083700000, 0x0000000083700000|100%|HC|  |TAMS 0x0000000083600000, 0x0000000083600000| Complete 
|  27|0x0000000083700000, 0x0000000083800000, 0x0000000083800000|100%|HC|  |TAMS 0x0000000083700000, 0x0000000083700000| Complete 
|  28|0x0000000083800000, 0x0000000083900000, 0x0000000083900000|100%|HS|  |TAMS 0x0000000083800000, 0x0000000083800000| Complete 
|  29|0x0000000083900000, 0x0000000083a00000, 0x0000000083a00000|100%|HC|  |TAMS 0x0000000083900000, 0x0000000083900000| Complete 
|  30|0x0000000083a00000, 0x0000000083b00000, 0x0000000083b00000|100%|HC|  |TAMS 0x0000000083a00000, 0x0000000083a00000| Complete 
|  31|0x0000000083b00000, 0x0000000083b00000, 0x0000000083c00000|  0%| F|  |TAMS 0x0000000083b00000, 0x0000000083b00000| Untracked 
|  32|0x0000000083c00000, 0x0000000083c00000, 0x0000000083d00000|  0%| F|  |TAMS 0x0000000083c00000, 0x0000000083c00000| Untracked 
|  33|0x0000000083d00000, 0x0000000083d00000, 0x0000000083e00000|  0%| F|  |TAMS 0x0000000083d00000, 0x0000000083d00000| Untracked 
|  34|0x0000000083e00000, 0x0000000083e00000, 0x0000000083f00000|  0%| F|  |TAMS 0x0000000083e00000, 0x0000000083e00000| Untracked 
|  35|0x0000000083f00000, 0x0000000083f00000, 0x0000000084000000|  0%| F|  |TAMS 0x0000000083f00000, 0x0000000083f00000| Untracked 
|  36|0x0000000084000000, 0x0000000084000000, 0x0000000084100000|  0%| F|  |TAMS 0x0000000084000000, 0x0000000084000000| Untracked 
|  37|0x0000000084100000, 0x0000000084100000, 0x0000000084200000|  0%| F|  |TAMS 0x0000000084100000, 0x0000000084100000| Untracked 
|  38|0x0000000084200000, 0x0000000084200000, 0x0000000084300000|  0%| F|  |TAMS 0x0000000084200000, 0x0000000084200000| Untracked 
|  39|0x0000000084300000, 0x0000000084300000, 0x0000000084400000|  0%| F|  |TAMS 0x0000000084300000, 0x0000000084300000| Untracked 
|  40|0x0000000084400000, 0x0000000084400000, 0x0000000084500000|  0%| F|  |TAMS 0x0000000084400000, 0x0000000084400000| Untracked 
|  41|0x0000000084500000, 0x0000000084500000, 0x0000000084600000|  0%| F|  |TAMS 0x0000000084500000, 0x0000000084500000| Untracked 
|  42|0x0000000084600000, 0x0000000084600000, 0x0000000084700000|  0%| F|  |TAMS 0x0000000084600000, 0x0000000084600000| Untracked 
|  43|0x0000000084700000, 0x0000000084700000, 0x0000000084800000|  0%| F|  |TAMS 0x0000000084700000, 0x0000000084700000| Untracked 
|  44|0x0000000084800000, 0x0000000084800000, 0x0000000084900000|  0%| F|  |TAMS 0x0000000084800000, 0x0000000084800000| Untracked 
|  45|0x0000000084900000, 0x0000000084900000, 0x0000000084a00000|  0%| F|  |TAMS 0x0000000084900000, 0x0000000084900000| Untracked 
|  46|0x0000000084a00000, 0x0000000084a00000, 0x0000000084b00000|  0%| F|  |TAMS 0x0000000084a00000, 0x0000000084a00000| Untracked 
|  47|0x0000000084b00000, 0x0000000084b00000, 0x0000000084c00000|  0%| F|  |TAMS 0x0000000084b00000, 0x0000000084b00000| Untracked 
|  48|0x0000000084c00000, 0x0000000084c00000, 0x0000000084d00000|  0%| F|  |TAMS 0x0000000084c00000, 0x0000000084c00000| Untracked 
|  49|0x0000000084d00000, 0x0000000084d00000, 0x0000000084e00000|  0%| F|  |TAMS 0x0000000084d00000, 0x0000000084d00000| Untracked 
|  50|0x0000000084e00000, 0x0000000084e00000, 0x0000000084f00000|  0%| F|  |TAMS 0x0000000084e00000, 0x0000000084e00000| Untracked 
|  51|0x0000000084f00000, 0x0000000084f00000, 0x0000000085000000|  0%| F|  |TAMS 0x0000000084f00000, 0x0000000084f00000| Untracked 
|  52|0x0000000085000000, 0x0000000085000000, 0x0000000085100000|  0%| F|  |TAMS 0x0000000085000000, 0x0000000085000000| Untracked 
|  53|0x0000000085100000, 0x0000000085100000, 0x0000000085200000|  0%| F|  |TAMS 0x0000000085100000, 0x0000000085100000| Untracked 
|  54|0x0000000085200000, 0x0000000085200000, 0x0000000085300000|  0%| F|  |TAMS 0x0000000085200000, 0x0000000085200000| Untracked 
|  55|0x0000000085300000, 0x0000000085300000, 0x0000000085400000|  0%| F|  |TAMS 0x0000000085300000, 0x0000000085300000| Untracked 
|  56|0x0000000085400000, 0x0000000085400000, 0x0000000085500000|  0%| F|  |TAMS 0x0000000085400000, 0x0000000085400000| Untracked 
|  57|0x0000000085500000, 0x0000000085500000, 0x0000000085600000|  0%| F|  |TAMS 0x0000000085500000, 0x0000000085500000| Untracked 
|  58|0x0000000085600000, 0x0000000085600000, 0x0000000085700000|  0%| F|  |TAMS 0x0000000085600000, 0x0000000085600000| Untracked 
|  59|0x0000000085700000, 0x0000000085700000, 0x0000000085800000|  0%| F|  |TAMS 0x0000000085700000, 0x0000000085700000| Untracked 
|  60|0x0000000085800000, 0x0000000085800000, 0x0000000085900000|  0%| F|  |TAMS 0x0000000085800000, 0x0000000085800000| Untracked 
|  61|0x0000000085900000, 0x0000000085900000, 0x0000000085a00000|  0%| F|  |TAMS 0x0000000085900000, 0x0000000085900000| Untracked 
|  62|0x0000000085a00000, 0x0000000085a00000, 0x0000000085b00000|  0%| F|  |TAMS 0x0000000085a00000, 0x0000000085a00000| Untracked 
|  63|0x0000000085b00000, 0x0000000085b00000, 0x0000000085c00000|  0%| F|  |TAMS 0x0000000085b00000, 0x0000000085b00000| Untracked 
|  64|0x0000000085c00000, 0x0000000085c00000, 0x0000000085d00000|  0%| F|  |TAMS 0x0000000085c00000, 0x0000000085c00000| Untracked 
|  65|0x0000000085d00000, 0x0000000085d00000, 0x0000000085e00000|  0%| F|  |TAMS 0x0000000085d00000, 0x0000000085d00000| Untracked 
|  66|0x0000000085e00000, 0x0000000085e00000, 0x0000000085f00000|  0%| F|  |TAMS 0x0000000085e00000, 0x0000000085e00000| Untracked 
|  67|0x0000000085f00000, 0x0000000085f00000, 0x0000000086000000|  0%| F|  |TAMS 0x0000000085f00000, 0x0000000085f00000| Untracked 
|  68|0x0000000086000000, 0x0000000086000000, 0x0000000086100000|  0%| F|  |TAMS 0x0000000086000000, 0x0000000086000000| Untracked 
|  69|0x0000000086100000, 0x0000000086100000, 0x0000000086200000|  0%| F|  |TAMS 0x0000000086100000, 0x0000000086100000| Untracked 
|  70|0x0000000086200000, 0x0000000086200000, 0x0000000086300000|  0%| F|  |TAMS 0x0000000086200000, 0x0000000086200000| Untracked 
|  71|0x0000000086300000, 0x0000000086300000, 0x0000000086400000|  0%| F|  |TAMS 0x0000000086300000, 0x0000000086300000| Untracked 
|  72|0x0000000086400000, 0x0000000086400000, 0x0000000086500000|  0%| F|  |TAMS 0x0000000086400000, 0x0000000086400000| Untracked 
|  73|0x0000000086500000, 0x0000000086500000, 0x0000000086600000|  0%| F|  |TAMS 0x0000000086500000, 0x0000000086500000| Untracked 
|  74|0x0000000086600000, 0x0000000086600000, 0x0000000086700000|  0%| F|  |TAMS 0x0000000086600000, 0x0000000086600000| Untracked 
|  75|0x0000000086700000, 0x0000000086700000, 0x0000000086800000|  0%| F|  |TAMS 0x0000000086700000, 0x0000000086700000| Untracked 
|  76|0x0000000086800000, 0x0000000086800000, 0x0000000086900000|  0%| F|  |TAMS 0x0000000086800000, 0x0000000086800000| Untracked 
|  77|0x0000000086900000, 0x0000000086900000, 0x0000000086a00000|  0%| F|  |TAMS 0x0000000086900000, 0x0000000086900000| Untracked 
|  78|0x0000000086a00000, 0x0000000086a00000, 0x0000000086b00000|  0%| F|  |TAMS 0x0000000086a00000, 0x0000000086a00000| Untracked 
|  79|0x0000000086b00000, 0x0000000086b00000, 0x0000000086c00000|  0%| F|  |TAMS 0x0000000086b00000, 0x0000000086b00000| Untracked 
|  80|0x0000000086c00000, 0x0000000086c00000, 0x0000000086d00000|  0%| F|  |TAMS 0x0000000086c00000, 0x0000000086c00000| Untracked 
|  81|0x0000000086d00000, 0x0000000086d00000, 0x0000000086e00000|  0%| F|  |TAMS 0x0000000086d00000, 0x0000000086d00000| Untracked 
|  82|0x0000000086e00000, 0x0000000086e00000, 0x0000000086f00000|  0%| F|  |TAMS 0x0000000086e00000, 0x0000000086e00000| Untracked 
|  83|0x0000000086f00000, 0x0000000086f00000, 0x0000000087000000|  0%| F|  |TAMS 0x0000000086f00000, 0x0000000086f00000| Untracked 
|  84|0x0000000087000000, 0x0000000087000000, 0x0000000087100000|  0%| F|  |TAMS 0x0000000087000000, 0x0000000087000000| Untracked 
|  85|0x0000000087100000, 0x0000000087100000, 0x0000000087200000|  0%| F|  |TAMS 0x0000000087100000, 0x0000000087100000| Untracked 
|  86|0x0000000087200000, 0x0000000087200000, 0x0000000087300000|  0%| F|  |TAMS 0x0000000087200000, 0x0000000087200000| Untracked 
|  87|0x0000000087300000, 0x0000000087300000, 0x0000000087400000|  0%| F|  |TAMS 0x0000000087300000, 0x0000000087300000| Untracked 
|  88|0x0000000087400000, 0x0000000087400000, 0x0000000087500000|  0%| F|  |TAMS 0x0000000087400000, 0x0000000087400000| Untracked 
|  89|0x0000000087500000, 0x0000000087500000, 0x0000000087600000|  0%| F|  |TAMS 0x0000000087500000, 0x0000000087500000| Untracked 
|  90|0x0000000087600000, 0x0000000087600000, 0x0000000087700000|  0%| F|  |TAMS 0x0000000087600000, 0x0000000087600000| Untracked 
|  91|0x0000000087700000, 0x0000000087700000, 0x0000000087800000|  0%| F|  |TAMS 0x0000000087700000, 0x0000000087700000| Untracked 
|  92|0x0000000087800000, 0x0000000087800000, 0x0000000087900000|  0%| F|  |TAMS 0x0000000087800000, 0x0000000087800000| Untracked 
|  93|0x0000000087900000, 0x0000000087900000, 0x0000000087a00000|  0%| F|  |TAMS 0x0000000087900000, 0x0000000087900000| Untracked 
|  94|0x0000000087a00000, 0x0000000087a00000, 0x0000000087b00000|  0%| F|  |TAMS 0x0000000087a00000, 0x0000000087a00000| Untracked 
|  95|0x0000000087b00000, 0x0000000087b00000, 0x0000000087c00000|  0%| F|  |TAMS 0x0000000087b00000, 0x0000000087b00000| Untracked 
|  96|0x0000000087c00000, 0x0000000087c00000, 0x0000000087d00000|  0%| F|  |TAMS 0x0000000087c00000, 0x0000000087c00000| Untracked 
|  97|0x0000000087d00000, 0x0000000087d00000, 0x0000000087e00000|  0%| F|  |TAMS 0x0000000087d00000, 0x0000000087d00000| Untracked 
|  98|0x0000000087e00000, 0x0000000087e00000, 0x0000000087f00000|  0%| F|  |TAMS 0x0000000087e00000, 0x0000000087e00000| Untracked 
|  99|0x0000000087f00000, 0x0000000087f00000, 0x0000000088000000|  0%| F|  |TAMS 0x0000000087f00000, 0x0000000087f00000| Untracked 
| 100|0x0000000088000000, 0x0000000088000000, 0x0000000088100000|  0%| F|  |TAMS 0x0000000088000000, 0x0000000088000000| Untracked 
| 101|0x0000000088100000, 0x0000000088100000, 0x0000000088200000|  0%| F|  |TAMS 0x0000000088100000, 0x0000000088100000| Untracked 
| 102|0x0000000088200000, 0x0000000088200000, 0x0000000088300000|  0%| F|  |TAMS 0x0000000088200000, 0x0000000088200000| Untracked 
| 103|0x0000000088300000, 0x0000000088300000, 0x0000000088400000|  0%| F|  |TAMS 0x0000000088300000, 0x0000000088300000| Untracked 
| 104|0x0000000088400000, 0x0000000088400000, 0x0000000088500000|  0%| F|  |TAMS 0x0000000088400000, 0x0000000088400000| Untracked 
| 105|0x0000000088500000, 0x0000000088500000, 0x0000000088600000|  0%| F|  |TAMS 0x0000000088500000, 0x0000000088500000| Untracked 
| 106|0x0000000088600000, 0x0000000088600000, 0x0000000088700000|  0%| F|  |TAMS 0x0000000088600000, 0x0000000088600000| Untracked 
| 107|0x0000000088700000, 0x0000000088700000, 0x0000000088800000|  0%| F|  |TAMS 0x0000000088700000, 0x0000000088700000| Untracked 
| 108|0x0000000088800000, 0x0000000088800000, 0x0000000088900000|  0%| F|  |TAMS 0x0000000088800000, 0x0000000088800000| Untracked 
| 109|0x0000000088900000, 0x0000000088900000, 0x0000000088a00000|  0%| F|  |TAMS 0x0000000088900000, 0x0000000088900000| Untracked 
| 110|0x0000000088a00000, 0x0000000088a00000, 0x0000000088b00000|  0%| F|  |TAMS 0x0000000088a00000, 0x0000000088a00000| Untracked 
| 111|0x0000000088b00000, 0x0000000088b00000, 0x0000000088c00000|  0%| F|  |TAMS 0x0000000088b00000, 0x0000000088b00000| Untracked 
| 112|0x0000000088c00000, 0x0000000088c00000, 0x0000000088d00000|  0%| F|  |TAMS 0x0000000088c00000, 0x0000000088c00000| Untracked 
| 113|0x0000000088d00000, 0x0000000088e00000, 0x0000000088e00000|100%| S|CS|TAMS 0x0000000088d00000, 0x0000000088d00000| Complete 
| 114|0x0000000088e00000, 0x0000000088f00000, 0x0000000088f00000|100%| S|CS|TAMS 0x0000000088e00000, 0x0000000088e00000| Complete 
| 115|0x0000000088f00000, 0x0000000088f00000, 0x0000000089000000|  0%| F|  |TAMS 0x0000000088f00000, 0x0000000088f00000| Untracked 
| 116|0x0000000089000000, 0x0000000089000000, 0x0000000089100000|  0%| F|  |TAMS 0x0000000089000000, 0x0000000089000000| Untracked 
| 117|0x0000000089100000, 0x0000000089100000, 0x0000000089200000|  0%| F|  |TAMS 0x0000000089100000, 0x0000000089100000| Untracked 
| 118|0x0000000089200000, 0x0000000089200000, 0x0000000089300000|  0%| F|  |TAMS 0x0000000089200000, 0x0000000089200000| Untracked 
| 119|0x0000000089300000, 0x0000000089300000, 0x0000000089400000|  0%| F|  |TAMS 0x0000000089300000, 0x0000000089300000| Untracked 
| 120|0x0000000089400000, 0x00000000894999c8, 0x0000000089500000| 60%| E|  |TAMS 0x0000000089400000, 0x0000000089400000| Complete 
| 121|0x0000000089500000, 0x0000000089600000, 0x0000000089600000|100%| E|CS|TAMS 0x0000000089500000, 0x0000000089500000| Complete 
| 122|0x0000000089600000, 0x0000000089700000, 0x0000000089700000|100%| E|CS|TAMS 0x0000000089600000, 0x0000000089600000| Complete 
| 123|0x0000000089700000, 0x0000000089800000, 0x0000000089800000|100%| E|CS|TAMS 0x0000000089700000, 0x0000000089700000| Complete 
| 124|0x0000000089800000, 0x0000000089900000, 0x0000000089900000|100%| E|CS|TAMS 0x0000000089800000, 0x0000000089800000| Complete 
| 125|0x0000000089900000, 0x0000000089a00000, 0x0000000089a00000|100%| E|CS|TAMS 0x0000000089900000, 0x0000000089900000| Complete 
| 126|0x0000000089a00000, 0x0000000089b00000, 0x0000000089b00000|100%| E|CS|TAMS 0x0000000089a00000, 0x0000000089a00000| Complete 
| 127|0x0000000089b00000, 0x0000000089c00000, 0x0000000089c00000|100%| E|CS|TAMS 0x0000000089b00000, 0x0000000089b00000| Complete 

Card table byte_map: [0x000001c0fa490000,0x000001c0fa890000] _byte_map_base: 0x000001c0fa082000

Marking Bits (Prev, Next): (CMBitMap*) 0x000001c0e385cb40, (CMBitMap*) 0x000001c0e385cb80
 Prev Bits: [0x000001c0fac90000, 0x000001c0fcc20000)
 Next Bits: [0x000001c0fcc20000, 0x000001c0febb0000)

Polling page: 0x000001c0e1750000

Metaspace:

Usage:
  Non-class:      9.78 MB used.
      Class:      1.29 MB used.
       Both:     11.07 MB used.

Virtual space:
  Non-class space:       16.00 MB reserved,       9.88 MB ( 62%) committed,  2 nodes.
      Class space:        1.00 GB reserved,       1.38 MB ( <1%) committed,  1 nodes.
             Both:        1.02 GB reserved,      11.25 MB (  1%) committed. 

Chunk freelists:
   Non-Class:  2.07 MB
       Class:  2.59 MB
        Both:  4.66 MB

MaxMetaspaceSize: unlimited
CompressedClassSpaceSize: 1.00 GB
Initial GC threshold: 21.00 MB
Current GC threshold: 21.00 MB
CDS: on
MetaspaceReclaimPolicy: balanced
 - commit_granule_bytes: 65536.
 - commit_granule_words: 8192.
 - virtual_space_node_default_size: 1048576.
 - enlarge_chunks_in_place: 1.
 - new_chunks_are_fully_committed: 0.
 - uncommit_free_chunks: 1.
 - use_allocation_guard: 0.
 - handle_deallocations: 1.


Internal statistics:

num_allocs_failed_limit: 0.
num_arena_births: 116.
num_arena_deaths: 0.
num_vsnodes_births: 3.
num_vsnodes_deaths: 0.
num_space_committed: 180.
num_space_uncommitted: 0.
num_chunks_returned_to_freelist: 0.
num_chunks_taken_from_freelist: 172.
num_chunk_merges: 0.
num_chunk_splits: 93.
num_chunks_enlarged: 35.
num_purges: 0.
num_inconsistent_stats: 0.

CodeHeap 'non-profiled nmethods': size=120000Kb used=513Kb max_used=513Kb free=119486Kb
 bounds [0x000001c0f2b60000, 0x000001c0f2dd0000, 0x000001c0fa090000]
CodeHeap 'profiled nmethods': size=120000Kb used=3160Kb max_used=3160Kb free=116840Kb
 bounds [0x000001c0eb090000, 0x000001c0eb3b0000, 0x000001c0f25c0000]
CodeHeap 'non-nmethods': size=5760Kb used=1289Kb max_used=1318Kb free=4470Kb
 bounds [0x000001c0f25c0000, 0x000001c0f2830000, 0x000001c0f2b60000]
 total_blobs=2298 nmethods=1677 adapters=534
 compilation: enabled
              stopped_count=0, restarted_count=0
 full_count=0

Compilation events (20 events):
Event: 9.007 Thread 0x000001c0ff06a8a0 nmethod 1669 0x000001c0eb398a90 code [0x000001c0eb398cc0, 0x000001c0eb399618]
Event: 9.007 Thread 0x000001c0ff06a8a0 1670       3       sun.awt.WeakIdentityHashMap::getMap (31 bytes)
Event: 9.007 Thread 0x000001c0ff06a8a0 nmethod 1670 0x000001c0eb399990 code [0x000001c0eb399b60, 0x000001c0eb39a038]
Event: 9.007 Thread 0x000001c0ff06a8a0 1672       3       java.awt.Component::updateCursorImmediately (55 bytes)
Event: 9.008 Thread 0x000001c0ff06a8a0 nmethod 1672 0x000001c0eb39a210 code [0x000001c0eb39a420, 0x000001c0eb39acf8]
Event: 9.008 Thread 0x000001c0ff06a8a0 1671       3       sun.awt.WeakIdentityHashMap$WeakKey::<init> (15 bytes)
Event: 9.008 Thread 0x000001c0ff06a8a0 nmethod 1671 0x000001c0eb39ae90 code [0x000001c0eb39b060, 0x000001c0eb39b3c8]
Event: 9.014 Thread 0x000001c0ff06a8a0 1673   !   3       sun.awt.GlobalCursorManager$NativeUpdater::run (43 bytes)
Event: 9.014 Thread 0x000001c0ff06a8a0 nmethod 1673 0x000001c0eb39b510 code [0x000001c0eb39b6c0, 0x000001c0eb39b968]
Event: 9.015 Thread 0x000001c0ff06a8a0 1674       3       java.awt.Toolkit$ToolkitEventMulticaster::eventDispatched (27 bytes)
Event: 9.015 Thread 0x000001c0ff06a8a0 nmethod 1674 0x000001c0eb39ba90 code [0x000001c0eb39bc60, 0x000001c0eb39c158]
Event: 9.022 Thread 0x000001c0ff06a8a0 1675   !   3       java.awt.LightweightDispatcher::eventDispatched (358 bytes)
Event: 9.025 Thread 0x000001c0ff06a8a0 nmethod 1675 0x000001c0eb39c290 code [0x000001c0eb39c6c0, 0x000001c0eb39f3c8]
Event: 9.038 Thread 0x000001c0ff06a8a0 1676       3       java.awt.LightweightDispatcher::retargetMouseEnterExit (79 bytes)
Event: 9.039 Thread 0x000001c0ff06a8a0 nmethod 1676 0x000001c0eb3a0310 code [0x000001c0eb3a04e0, 0x000001c0eb3a0af8]
Event: 9.039 Thread 0x000001c0ff06a8a0 1677       3       java.awt.LightweightDispatcher::isMouseGrab (49 bytes)
Event: 9.039 Thread 0x000001c0ff06a8a0 nmethod 1677 0x000001c0eb3a0c90 code [0x000001c0eb3a0e80, 0x000001c0eb3a1668]
Event: 9.086 Thread 0x000001c0ff06a8a0 1678   !   3       java.awt.KeyboardFocusManager::retargetFocusEvent (244 bytes)
Event: 9.090 Thread 0x000001c0ff06a8a0 nmethod 1678 0x000001c0eb3a1890 code [0x000001c0eb3a1dc0, 0x000001c0eb3a5118]
Event: 9.090 Thread 0x000001c0ff06a8a0 1679   !   3       java.awt.DefaultKeyboardFocusManager::dispatchEvent (1621 bytes)

GC Heap History (2 events):
Event: 1.218 GC heap before
{Heap before GC invocations=0 (full 0):
 garbage-first heap   total 131072K, used 15360K [0x0000000081c00000, 0x0000000100000000)
  region size 1024K, 13 young (13312K), 0 survivors (0K)
 Metaspace       used 10655K, committed 10816K, reserved 1064960K
  class space    used 1298K, committed 1408K, reserved 1048576K
}
Event: 1.225 GC heap after
{Heap after GC invocations=1 (full 0):
 garbage-first heap   total 131072K, used 5526K [0x0000000081c00000, 0x0000000100000000)
  region size 1024K, 2 young (2048K), 2 survivors (2048K)
 Metaspace       used 10655K, committed 10816K, reserved 1064960K
  class space    used 1298K, committed 1408K, reserved 1048576K
}

Deoptimization events (20 events):
Event: 3.190 Thread 0x000001c0fff69010 DEOPT PACKING pc=0x000001c0f2bcad50 sp=0x0000007f908fd070
Event: 3.190 Thread 0x000001c0fff69010 DEOPT UNPACKING pc=0x000001c0f26123a3 sp=0x0000007f908fd028 mode 2
Event: 3.190 Thread 0x000001c0fff69010 Uncommon trap: trap_request=0xffffffbe fr.pc=0x000001c0f2bcad50 relative=0x00000000000006f0
Event: 3.190 Thread 0x000001c0fff69010 Uncommon trap: reason=profile_predicate action=maybe_recompile pc=0x000001c0f2bcad50 method=java.awt.LinearGradientPaintContext.fillRaster([IIIIIII)V @ 53 c2
Event: 3.190 Thread 0x000001c0fff69010 DEOPT PACKING pc=0x000001c0f2bcad50 sp=0x0000007f908fd070
Event: 3.190 Thread 0x000001c0fff69010 DEOPT UNPACKING pc=0x000001c0f26123a3 sp=0x0000007f908fd028 mode 2
Event: 3.190 Thread 0x000001c0fff69010 Uncommon trap: trap_request=0xffffffbe fr.pc=0x000001c0f2bc77e0 relative=0x0000000000000800
Event: 3.190 Thread 0x000001c0fff69010 Uncommon trap: reason=profile_predicate action=maybe_recompile pc=0x000001c0f2bc77e0 method=java.awt.LinearGradientPaintContext.fillRaster([IIIIIII)V @ 50 c2
Event: 3.190 Thread 0x000001c0fff69010 DEOPT PACKING pc=0x000001c0f2bc77e0 sp=0x0000007f908fd070
Event: 3.190 Thread 0x000001c0fff69010 DEOPT UNPACKING pc=0x000001c0f26123a3 sp=0x0000007f908fd058 mode 2
Event: 3.335 Thread 0x000001c0fff69010 DEOPT PACKING pc=0x000001c0eb2af0f7 sp=0x0000007f908fd160
Event: 3.335 Thread 0x000001c0fff69010 DEOPT UNPACKING pc=0x000001c0f2612b43 sp=0x0000007f908fc580 mode 0
Event: 3.377 Thread 0x000001c0fff69010 DEOPT PACKING pc=0x000001c0eb329889 sp=0x0000007f908fcec0
Event: 3.377 Thread 0x000001c0fff69010 DEOPT UNPACKING pc=0x000001c0f2612b43 sp=0x0000007f908fc248 mode 0
Event: 3.427 Thread 0x000001c0fff69010 DEOPT PACKING pc=0x000001c0eb2dbe42 sp=0x0000007f908fd120
Event: 3.427 Thread 0x000001c0fff69010 DEOPT UNPACKING pc=0x000001c0f2612b43 sp=0x0000007f908fc5b0 mode 0
Event: 3.472 Thread 0x000001c0fff69010 DEOPT PACKING pc=0x000001c0eb2dbe42 sp=0x0000007f908fd090
Event: 3.472 Thread 0x000001c0fff69010 DEOPT UNPACKING pc=0x000001c0f2612b43 sp=0x0000007f908fc520 mode 0
Event: 3.510 Thread 0x000001c0fff69010 DEOPT PACKING pc=0x000001c0eb2dbe42 sp=0x0000007f908fce10
Event: 3.510 Thread 0x000001c0fff69010 DEOPT UNPACKING pc=0x000001c0f2612b43 sp=0x0000007f908fc2a0 mode 0

Classes unloaded (0 events):
No events

Classes redefined (0 events):
No events

Internal exceptions (20 events):
Event: 0.632 Thread 0x000001c0e3803830 Exception <a 'java/lang/ClassNotFoundException'{0x00000000897cef40}: Button> (0x00000000897cef40) 
thrown [s\open\src\hotspot\share\classfile\systemDictionary.cpp, line 256]
Event: 0.632 Thread 0x000001c0e3803830 Exception <a 'java/lang/ClassNotFoundException'{0x00000000897cf408}: ToolBar> (0x00000000897cf408) 
thrown [s\open\src\hotspot\share\classfile\systemDictionary.cpp, line 256]
Event: 0.632 Thread 0x000001c0e3803830 Exception <a 'java/lang/ClassNotFoundException'{0x00000000897cf778}: ToggleButton> (0x00000000897cf778) 
thrown [s\open\src\hotspot\share\classfile\systemDictionary.cpp, line 256]
Event: 0.632 Thread 0x000001c0e3803830 Exception <a 'java/lang/ClassNotFoundException'{0x00000000897cfbb8}: javax/swing/JToolBarSeparator> (0x00000000897cfbb8) 
thrown [s\open\src\hotspot\share\classfile\systemDictionary.cpp, line 256]
Event: 0.632 Thread 0x000001c0e3803830 Exception <a 'java/lang/ClassNotFoundException'{0x00000000897cfec0}: ToolBarSeparator> (0x00000000897cfec0) 
thrown [s\open\src\hotspot\share\classfile\systemDictionary.cpp, line 256]
Event: 0.632 Thread 0x000001c0e3803830 Exception <a 'java/lang/ClassNotFoundException'{0x00000000897d03d8}: ToolTip> (0x00000000897d03d8) 
thrown [s\open\src\hotspot\share\classfile\systemDictionary.cpp, line 256]
Event: 0.633 Thread 0x000001c0e3803830 Exception <a 'java/lang/ClassNotFoundException'{0x00000000897d0c50}: Tree> (0x00000000897d0c50) 
thrown [s\open\src\hotspot\share\classfile\systemDictionary.cpp, line 256]
Event: 0.633 Thread 0x000001c0e3803830 Exception <a 'java/lang/ClassNotFoundException'{0x00000000897d1148}: Tree> (0x00000000897d1148) 
thrown [s\open\src\hotspot\share\classfile\systemDictionary.cpp, line 256]
Event: 0.633 Thread 0x000001c0e3803830 Exception <a 'java/lang/ClassNotFoundException'{0x00000000897d14b8}: javax/swing/JTreeCell> (0x00000000897d14b8) 
thrown [s\open\src\hotspot\share\classfile\systemDictionary.cpp, line 256]
Event: 0.633 Thread 0x000001c0e3803830 Exception <a 'java/lang/ClassNotFoundException'{0x00000000897d17b8}: TreeCell> (0x00000000897d17b8) 
thrown [s\open\src\hotspot\share\classfile\systemDictionary.cpp, line 256]
Event: 0.633 Thread 0x000001c0e3803830 Exception <a 'java/lang/ClassNotFoundException'{0x00000000897d1db8}: RootPane> (0x00000000897d1db8) 
thrown [s\open\src\hotspot\share\classfile\systemDictionary.cpp, line 256]
Event: 0.647 Thread 0x000001c0e3803830 Exception <a 'java/lang/ClassNotFoundException'{0x000000008960f310}: com/sun/swing/internal/plaf/synth/resources/spi/synthProvider> (0x000000008960f310) 
thrown [s\open\src\hotspot\share\classfile\systemDictionary.cpp, line 256]
Event: 0.733 Thread 0x000001c082f925d0 Exception <a 'java/lang/NoSuchMethodError'{0x00000000896d88d0}: 'java.lang.Object java.lang.invoke.DirectMethodHandle$Holder.newInvokeSpecial(java.lang.Object, java.lang.Object, java.lang.Object, int, int, int, int, int)'> (0x00000000896d88d0) 
thrown [s\open\src\hotspot\share\interpreter\linkResolver.cpp, line 759]
Event: 0.774 Thread 0x000001c0e3803830 Exception <a 'java/lang/NoSuchMethodError'{0x0000000089514e40}: 'void java.lang.invoke.DirectMethodHandle$Holder.invokeStaticInit(java.lang.Object)'> (0x0000000089514e40) 
thrown [s\open\src\hotspot\share\interpreter\linkResolver.cpp, line 759]
Event: 0.844 Thread 0x000001c0ffec6800 Exception <a 'java/lang/NoSuchMethodError'{0x0000000089952c60}: 'void java.lang.invoke.DirectMethodHandle$Holder.invokeVirtual(java.lang.Object, java.lang.Object)'> (0x0000000089952c60) 
thrown [s\open\src\hotspot\share\interpreter\linkResolver.cpp, line 759]
Event: 3.190 Thread 0x000001c0fff69010 Implicit null exception at 0x000001c0f2bca746 to 0x000001c0f2bcad18
Event: 3.190 Thread 0x000001c0fff69010 Implicit null exception at 0x000001c0f2bc70a8 to 0x000001c0f2bc7794
Event: 3.190 Thread 0x000001c0fff69010 Implicit null exception at 0x000001c0f2bca746 to 0x000001c0f2bcad18
Event: 3.190 Thread 0x000001c0fff69010 Implicit null exception at 0x000001c0f2bca746 to 0x000001c0f2bcad18
Event: 3.190 Thread 0x000001c0fff69010 Implicit null exception at 0x000001c0f2bc70a8 to 0x000001c0f2bc7794

VM Operations (20 events):
Event: 0.556 Executing VM operation: HandshakeAllThreads
Event: 0.556 Executing VM operation: HandshakeAllThreads done
Event: 0.617 Executing VM operation: HandshakeAllThreads
Event: 0.617 Executing VM operation: HandshakeAllThreads done
Event: 0.853 Executing VM operation: HandshakeAllThreads
Event: 0.853 Executing VM operation: HandshakeAllThreads done
Event: 1.131 Executing VM operation: ICBufferFull
Event: 1.131 Executing VM operation: ICBufferFull done
Event: 1.218 Executing VM operation: G1CollectForAllocation
Event: 1.225 Executing VM operation: G1CollectForAllocation done
Event: 2.240 Executing VM operation: Cleanup
Event: 2.240 Executing VM operation: Cleanup done
Event: 3.242 Executing VM operation: Cleanup
Event: 3.242 Executing VM operation: Cleanup done
Event: 4.248 Executing VM operation: Cleanup
Event: 4.248 Executing VM operation: Cleanup done
Event: 5.261 Executing VM operation: Cleanup
Event: 5.261 Executing VM operation: Cleanup done
Event: 6.274 Executing VM operation: Cleanup
Event: 6.274 Executing VM operation: Cleanup done

Events (20 events):
Event: 1.408 loading class java/util/PriorityQueue
Event: 1.409 loading class java/util/PriorityQueue done
Event: 1.410 Thread 0x000001c082f90dc0 Thread added: 0x000001c082f90dc0
Event: 1.410 loading class javax/swing/TimerQueue$DelayedTimer
Event: 1.410 loading class java/util/concurrent/Delayed
Event: 1.410 loading class java/util/concurrent/Delayed done
Event: 1.410 loading class javax/swing/TimerQueue$DelayedTimer done
Event: 1.410 loading class java/util/concurrent/TimeUnit$1
Event: 1.411 loading class java/util/concurrent/TimeUnit$1 done
Event: 1.944 loading class javax/swing/Timer$1
Event: 1.944 loading class javax/swing/Timer$1 done
Event: 2.199 loading class java/awt/event/MouseWheelEvent
Event: 2.200 loading class java/awt/event/MouseWheelEvent done
Event: 2.537 loading class java/awt/LightweightDispatcher$2
Event: 2.537 loading class java/awt/LightweightDispatcher$2 done
Event: 2.989 loading class sun/awt/windows/WComponentPeer$1
Event: 2.990 loading class sun/awt/windows/WComponentPeer$1 done
Event: 3.000 loading class sun/java2d/opengl/OGLSurfaceData
Event: 3.000 loading class sun/java2d/opengl/OGLSurfaceData done
Event: 5.745 Thread 0x000001c082f925d0 Thread exited: 0x000001c082f925d0


Dynamic libraries:
0x00007ff6588b0000 - 0x00007ff6588c0000 	C:\Program Files\Java\jdk-17\bin\javaw.exe
0x00007fff06d70000 - 0x00007fff06f68000 	C:\Windows\SYSTEM32\ntdll.dll
0x00007fff06160000 - 0x00007fff0621d000 	C:\Windows\System32\KERNEL32.DLL
0x00007fff04600000 - 0x00007fff048f6000 	C:\Windows\System32\KERNELBASE.dll
0x00007fff04900000 - 0x00007fff04a00000 	C:\Windows\System32\ucrtbase.dll
0x00007ffefff40000 - 0x00007ffefff5b000 	C:\Program Files\Java\jdk-17\bin\VCRUNTIME140.dll
0x00007ffeffee0000 - 0x00007ffeffef9000 	C:\Program Files\Java\jdk-17\bin\jli.dll
0x00007fff05830000 - 0x00007fff058e3000 	C:\Windows\System32\ADVAPI32.dll
0x00007fff06220000 - 0x00007fff062be000 	C:\Windows\System32\msvcrt.dll
0x00007fff05630000 - 0x00007fff056cf000 	C:\Windows\System32\sechost.dll
0x00007fff06c00000 - 0x00007fff06d26000 	C:\Windows\System32\RPCRT4.dll
0x00007fff04d80000 - 0x00007fff04da7000 	C:\Windows\System32\bcrypt.dll
0x00007fff05950000 - 0x00007fff05aee000 	C:\Windows\System32\USER32.dll
0x00007fff04ac0000 - 0x00007fff04ae2000 	C:\Windows\System32\win32u.dll
0x00007fff05600000 - 0x00007fff0562b000 	C:\Windows\System32\GDI32.dll
0x00007fff044e0000 - 0x00007fff045f7000 	C:\Windows\System32\gdi32full.dll
0x00007fff04c50000 - 0x00007fff04ced000 	C:\Windows\System32\msvcp_win.dll
0x00007ffef4930000 - 0x00007ffef4bca000 	C:\Windows\WinSxS\amd64_microsoft.windows.common-controls_6595b64144ccf1df_6.0.19041.3636_none_60b6a03d71f818d5\COMCTL32.dll
0x00007ffef6480000 - 0x00007ffef648a000 	C:\Windows\SYSTEM32\VERSION.dll
0x00007fff05560000 - 0x00007fff05592000 	C:\Windows\System32\IMM32.DLL
0x00007fff002d0000 - 0x00007fff002dc000 	C:\Program Files\Java\jdk-17\bin\vcruntime140_1.dll
0x00007ffeeb650000 - 0x00007ffeeb6de000 	C:\Program Files\Java\jdk-17\bin\msvcp140.dll
0x00007ffecca50000 - 0x00007ffecd62d000 	C:\Program Files\Java\jdk-17\bin\server\jvm.dll
0x00007fff06b10000 - 0x00007fff06b18000 	C:\Windows\System32\PSAPI.DLL
0x00007ffeed1c0000 - 0x00007ffeed1c9000 	C:\Windows\SYSTEM32\WSOCK32.dll
0x00007fff05e50000 - 0x00007fff05ebb000 	C:\Windows\System32\WS2_32.dll
0x00007ffef4560000 - 0x00007ffef4587000 	C:\Windows\SYSTEM32\WINMM.dll
0x00007fff022a0000 - 0x00007fff022b2000 	C:\Windows\SYSTEM32\kernel.appcore.dll
0x00007fff00290000 - 0x00007fff0029a000 	C:\Program Files\Java\jdk-17\bin\jimage.dll
0x00007ffef68b0000 - 0x00007ffef6a94000 	C:\Windows\SYSTEM32\DBGHELP.DLL
0x00007ffef6870000 - 0x00007ffef68a4000 	C:\Windows\SYSTEM32\dbgcore.DLL
0x00007fff04cf0000 - 0x00007fff04d72000 	C:\Windows\System32\bcryptPrimitives.dll
0x00007ffef85a0000 - 0x00007ffef85c5000 	C:\Program Files\Java\jdk-17\bin\java.dll
0x00007ffee1b90000 - 0x00007ffee1c67000 	C:\Program Files\Java\jdk-17\bin\jsvml.dll
0x00007fff063c0000 - 0x00007fff06b05000 	C:\Windows\System32\SHELL32.dll
0x00007fff024a0000 - 0x00007fff02c3c000 	C:\Windows\SYSTEM32\windows.storage.dll
0x00007fff05af0000 - 0x00007fff05e44000 	C:\Windows\System32\combase.dll
0x00007fff03e60000 - 0x00007fff03e8e000 	C:\Windows\SYSTEM32\Wldp.dll
0x00007fff06b20000 - 0x00007fff06bed000 	C:\Windows\System32\OLEAUT32.dll
0x00007fff05780000 - 0x00007fff0582d000 	C:\Windows\System32\SHCORE.dll
0x00007fff058f0000 - 0x00007fff05945000 	C:\Windows\System32\shlwapi.dll
0x00007fff04360000 - 0x00007fff04385000 	C:\Windows\SYSTEM32\profapi.dll
0x00007ffed27f0000 - 0x00007ffed2981000 	C:\Program Files\Java\jdk-17\bin\awt.dll
0x00007fff01bf0000 - 0x00007fff01c80000 	C:\Windows\SYSTEM32\apphelp.dll
0x00007fff01ed0000 - 0x00007fff01eff000 	C:\Windows\system32\DWMAPI.DLL
0x00007fff01d80000 - 0x00007fff01e1e000 	C:\Windows\system32\uxtheme.dll
0x00007ffea10e0000 - 0x00007ffea1205000 	C:\Windows\system32\opengl32.dll
0x00007ffeda470000 - 0x00007ffeda49c000 	C:\Windows\SYSTEM32\GLU32.dll
0x00007fff053b0000 - 0x00007fff054c4000 	C:\Windows\System32\MSCTF.dll
0x00007fff04db0000 - 0x00007fff04edb000 	C:\Windows\System32\ole32.dll
0x00007ffee5c30000 - 0x00007ffee5cb6000 	C:\Program Files\Java\jdk-17\bin\freetype.dll
0x00007ffee19e0000 - 0x00007ffee1aa5000 	C:\Program Files\Java\jdk-17\bin\fontmanager.dll
0x00007ffef4ef0000 - 0x00007ffef4f09000 	C:\Program Files\Java\jdk-17\bin\net.dll
0x00007ffefbe20000 - 0x00007ffefbf2a000 	C:\Windows\SYSTEM32\WINHTTP.dll
0x00007fff03ba0000 - 0x00007fff03c0a000 	C:\Windows\system32\mswsock.dll
0x00007ffef4e50000 - 0x00007ffef4e66000 	C:\Program Files\Java\jdk-17\bin\nio.dll
0x00007ffef8f60000 - 0x00007ffef8f78000 	C:\Program Files\Java\jdk-17\bin\zip.dll
0x00007ffef4310000 - 0x00007ffef4409000 	C:\Windows\SYSTEM32\textinputframework.dll
0x00007fff012d0000 - 0x00007fff0162b000 	C:\Windows\System32\CoreUIComponents.dll
0x00007fff019b0000 - 0x00007fff01aa2000 	C:\Windows\System32\CoreMessaging.dll
0x00007fff03560000 - 0x00007fff03593000 	C:\Windows\SYSTEM32\ntmarta.dll
0x00007fff002f0000 - 0x00007fff00445000 	C:\Windows\SYSTEM32\wintypes.dll
0x00007ffef4590000 - 0x00007ffef45f6000 	C:\Windows\system32\Oleacc.dll

dbghelp: loaded successfully - version: 4.0.5 - missing functions: none
symbol engine: initialized successfully - sym options: 0x614 - pdb path: .;C:\Program Files\Java\jdk-17\bin;C:\Windows\SYSTEM32;C:\Windows\WinSxS\amd64_microsoft.windows.common-controls_6595b64144ccf1df_6.0.19041.3636_none_60b6a03d71f818d5;C:\Program Files\Java\jdk-17\bin\server

VM Arguments:
jvm_args: -Dfile.encoding=UTF-8 -XX:+ShowCodeDetailsInExceptionMessages 
java_command: com.br.collectioncomparison.view.ComparableView
java_class_path (initial): C:\Users\Dell\OneDrive\Documentos\faculdade\Disciplinas\4º Semestre\Java\Comparable_Collections\bin
Launcher Type: SUN_STANDARD

[Global flags]
     intx CICompilerCount                          = 3                                         {product} {ergonomic}
     uint ConcGCThreads                            = 1                                         {product} {ergonomic}
     uint G1ConcRefinementThreads                  = 4                                         {product} {ergonomic}
   size_t G1HeapRegionSize                         = 1048576                                   {product} {ergonomic}
    uintx GCDrainStackTargetSize                   = 64                                        {product} {ergonomic}
   size_t InitialHeapSize                          = 134217728                                 {product} {ergonomic}
   size_t MarkStackSize                            = 4194304                                   {product} {ergonomic}
   size_t MaxHeapSize                              = 2118123520                                {product} {ergonomic}
   size_t MaxNewSize                               = 1270874112                                {product} {ergonomic}
   size_t MinHeapDeltaBytes                        = 1048576                                   {product} {ergonomic}
   size_t MinHeapSize                              = 8388608                                   {product} {ergonomic}
    uintx NonNMethodCodeHeapSize                   = 5832780                                {pd product} {ergonomic}
    uintx NonProfiledCodeHeapSize                  = 122912730                              {pd product} {ergonomic}
    uintx ProfiledCodeHeapSize                     = 122912730                              {pd product} {ergonomic}
    uintx ReservedCodeCacheSize                    = 251658240                              {pd product} {ergonomic}
     bool SegmentedCodeCache                       = true                                      {product} {ergonomic}
     bool ShowCodeDetailsInExceptionMessages       = true                                   {manageable} {command line}
   size_t SoftMaxHeapSize                          = 2118123520                             {manageable} {ergonomic}
     bool UseCompressedClassPointers               = true                           {product lp64_product} {ergonomic}
     bool UseCompressedOops                        = true                           {product lp64_product} {ergonomic}
     bool UseG1GC                                  = true                                      {product} {ergonomic}
     bool UseLargePagesIndividualAllocation        = false                                  {pd product} {ergonomic}

Logging:
Log output configuration:
 #0: stdout all=warning uptime,level,tags
 #1: stderr all=off uptime,level,tags

Environment Variables:
PATH=C:\Program Files\Common Files\Oracle\Java\javapath;C:\Program Files (x86)\NVIDIA Corporation\PhysX\Common;C:\Windows\system32;C:\Windows;C:\Windows\System32\Wbem;C:\Windows\System32\WindowsPowerShell\v1.0\;C:\Windows\System32\OpenSSH\;C:\Program Files (x86)\NoteBook FanControl\;C:\Program Files\dotnet\;C:\Program Files\Microsoft SQL Server\150\Tools\Binn\;C:\Program Files\nodejs\;C:\Program Files\Git\cmd;C:\Program Files\Java\jdk-17\bin;C:\Program Files\Docker\Docker\resources\bin;C:\wamp64\bin\php\php7.4.33;C:\ProgramData\ComposerSetup\bin;C:\Users\Dell\OneDrive\Documentos\faculdade\apache-maven-3.9.5\bin;C:\xampp\php;C:\maven\apache-maven-3.9.6\bin;C:\Program Files\PostgreSQL\16\bin;C:\Users\Dell\.cargo\bin;C:\Users\Dell\AppData\Local\Programs\Python\Python311\Scripts\;C:\Users\Dell\AppData\Local\Programs\Python\Python311\;C:\Users\Dell\AppData\Local\Microsoft\WindowsApps;C:\Users\Dell\AppData\Local\Programs\Microsoft VS Code\bin;C:\Users\Dell\PycharmProjects\pythonLabTeste\venv\Scripts;C:\Users\Dell\AppData\Roaming\npm;C:\Users\Dell\AppData\Local\GitHubDesktop\bin;C:\Users\Dell\AppData\Roaming\Composer\vendor\bin
USERNAME=Dell
OS=Windows_NT
PROCESSOR_IDENTIFIER=Intel64 Family 6 Model 69 Stepping 1, GenuineIntel



---------------  S Y S T E M  ---------------

OS:
 Windows 10 , 64 bit Build 19041 (10.0.19041.3636)
OS uptime: 0 days 10:28 hours
Hyper-V role detected

CPU: total 4 (initial active 4) (2 cores per cpu, 2 threads per core) family 6 model 69 stepping 1 microcode 0x25, cx8, cmov, fxsr, ht, mmx, sse, sse2, sse3, ssse3, sse4.1, sse4.2, popcnt, lzcnt, tsc, tscinvbit, avx, avx2, aes, erms, clmul, bmi1, bmi2, fma, vzeroupper, clflush, hv

Memory: 4k page, system-wide physical 8072M (262M free)
TotalPageFile size 32648M (AvailPageFile size 0M)
current process WorkingSet (physical memory assigned to process): 97M, peak: 108M
current process commit charge ("private bytes"): 220M, peak: 231M

vm_info: Java HotSpot(TM) 64-Bit Server VM (17.0.7+8-LTS-224) for windows-amd64 JRE (17.0.7+8-LTS-224), built on Feb 28 2023 23:03:02 by "mach5one" with MS VC++ 17.1 (VS2022)

END.
