#
# There is insufficient memory for the Java Runtime Environment to continue.
# Native memory allocation (mmap) failed to map 134217728 bytes for G1 virtual space
# Possible reasons:
#   The system is out of physical RAM or swap space
#   The process is running with CompressedOops enabled, and the Java Heap may be blocking the growth of the native heap
# Possible solutions:
#   Reduce memory load on the system
#   Increase physical memory or swap space
#   Check if swap backing store is full
#   Decrease Java heap size (-Xmx/-Xms)
#   Decrease number of Java threads
#   Decrease Java thread stack sizes (-Xss)
#   Set larger code cache with -XX:ReservedCodeCacheSize=
#   JVM is running with Unscaled Compressed Oops mode in which the Java heap is
#     placed in the first 4GB address space. The Java Heap base address is the
#     maximum limit for the native heap growth. Please use -XX:HeapBaseMinAddress
#     to set the Java Heap base and to place the Java Heap above 4GB virtual address.
# This output file may be truncated or incomplete.
#
#  Out of Memory Error (os_windows.cpp:3550), pid=18444, tid=22720
#
# JRE version:  (17.0.7+8) (build )
# Java VM: Java HotSpot(TM) 64-Bit Server VM (17.0.7+8-LTS-224, mixed mode, sharing, tiered, compressed oops, compressed class ptrs, g1 gc, windows-amd64)
# No core dump will be written. Minidumps are not enabled by default on client versions of Windows
#

---------------  S U M M A R Y ------------

Command Line: -Dfile.encoding=UTF-8 -XX:+ShowCodeDetailsInExceptionMessages com.br.collectioncomparison.view.ComparableView

Host: Intel(R) Core(TM) i7-4510U CPU @ 2.00GHz, 4 cores, 7G,  Windows 10 , 64 bit Build 19041 (10.0.19041.3636)
Time: Sat Feb 24 20:11:33 2024 Hora oficial do Brasil elapsed time: 0.025181 seconds (0d 0h 0m 0s)

---------------  T H R E A D  ---------------

Current thread (0x0000027daebc3990):  JavaThread "Unknown thread" [_thread_in_vm, id=22720, stack(0x000000a0c6a00000,0x000000a0c6b00000)]

Stack: [0x000000a0c6a00000,0x000000a0c6b00000]
Native frames: (J=compiled Java code, j=interpreted, Vv=VM code, C=native code)
V  [jvm.dll+0x676a4a]
V  [jvm.dll+0x7d74f4]
V  [jvm.dll+0x7d8c9e]
V  [jvm.dll+0x7d9303]
V  [jvm.dll+0x2452c5]
V  [jvm.dll+0x6738f9]
V  [jvm.dll+0x668232]
V  [jvm.dll+0x302826]
V  [jvm.dll+0x309da6]
V  [jvm.dll+0x35952e]
V  [jvm.dll+0x35975f]
V  [jvm.dll+0x2d9a38]
V  [jvm.dll+0x2da9a4]
V  [jvm.dll+0x7a8fb1]
V  [jvm.dll+0x3670e1]
V  [jvm.dll+0x788359]
V  [jvm.dll+0x3ea5ef]
V  [jvm.dll+0x3ec071]
C  [jli.dll+0x5297]
C  [ucrtbase.dll+0x21bb2]
C  [KERNEL32.DLL+0x17344]
C  [ntdll.dll+0x526b1]


---------------  P R O C E S S  ---------------

Threads class SMR info:
_java_thread_list=0x00007ffecd504998, length=0, elements={
}

Java Threads: ( => current thread )

Other Threads:
  0x0000027daec1c770 GCTaskThread "GC Thread#0" [stack: 0x000000a0c6b00000,0x000000a0c6c00000] [id=10872]
  0x0000027daec2d240 ConcurrentGCThread "G1 Main Marker" [stack: 0x000000a0c6c00000,0x000000a0c6d00000] [id=22732]
  0x0000027daec2e440 ConcurrentGCThread "G1 Conc#0" [stack: 0x000000a0c6d00000,0x000000a0c6e00000] [id=23284]

[error occurred during error reporting (printing all threads), id 0xc0000005, EXCEPTION_ACCESS_VIOLATION (0xc0000005) at pc=0x00007ffeccd3a697]

VM state: not at safepoint (not fully initialized)

VM Mutex/Monitor currently owned by a thread:  ([mutex/lock_event])
[0x0000027daebbf020] Heap_lock - owner thread: 0x0000027daebc3990

Heap address: 0x0000000081c00000, size: 2020 MB, Compressed Oops mode: 32-bit

CDS archive(s) mapped at: [0x0000000000000000-0x0000000000000000-0x0000000000000000), size 0, SharedBaseAddress: 0x0000000800000000, ArchiveRelocationMode: 0.
Narrow klass base: 0x0000000000000000, Narrow klass shift: 0, Narrow klass range: 0x0

GC Precious Log:
<Empty>

Heap:
 garbage-first heap   total 0K, used 0K [0x0000000081c00000, 0x0000000100000000)
  region size 1024K, 0 young (0K), 0 survivors (0K)

[error occurred during error reporting (printing heap information), id 0xc0000005, EXCEPTION_ACCESS_VIOLATION (0xc0000005) at pc=0x00007ffecd1200b9]

GC Heap History (0 events):
No events

Deoptimization events (0 events):
No events

Classes unloaded (0 events):
No events

Classes redefined (0 events):
No events

Internal exceptions (0 events):
No events

VM Operations (0 events):
No events

Events (1 events):
Event: 0.015 Loaded shared library C:\Program Files\Java\jdk-17\bin\java.dll


Dynamic libraries:
0x00007ff6588b0000 - 0x00007ff6588c0000 	C:\Program Files\Java\jdk-17\bin\javaw.exe
0x00007fff06d70000 - 0x00007fff06f68000 	C:\Windows\SYSTEM32\ntdll.dll
0x00007fff06160000 - 0x00007fff0621d000 	C:\Windows\System32\KERNEL32.DLL
0x00007fff04600000 - 0x00007fff048f6000 	C:\Windows\System32\KERNELBASE.dll
0x00007fff04900000 - 0x00007fff04a00000 	C:\Windows\System32\ucrtbase.dll
0x00007ffeffee0000 - 0x00007ffeffef9000 	C:\Program Files\Java\jdk-17\bin\jli.dll
0x00007fff05830000 - 0x00007fff058e3000 	C:\Windows\System32\ADVAPI32.dll
0x00007fff06220000 - 0x00007fff062be000 	C:\Windows\System32\msvcrt.dll
0x00007fff05630000 - 0x00007fff056cf000 	C:\Windows\System32\sechost.dll
0x00007fff06c00000 - 0x00007fff06d26000 	C:\Windows\System32\RPCRT4.dll
0x00007fff04d80000 - 0x00007fff04da7000 	C:\Windows\System32\bcrypt.dll
0x00007fff05950000 - 0x00007fff05aee000 	C:\Windows\System32\USER32.dll
0x00007fff04ac0000 - 0x00007fff04ae2000 	C:\Windows\System32\win32u.dll
0x00007fff05600000 - 0x00007fff0562b000 	C:\Windows\System32\GDI32.dll
0x00007fff044e0000 - 0x00007fff045f7000 	C:\Windows\System32\gdi32full.dll
0x00007fff04c50000 - 0x00007fff04ced000 	C:\Windows\System32\msvcp_win.dll
0x00007ffefff40000 - 0x00007ffefff5b000 	C:\Program Files\Java\jdk-17\bin\VCRUNTIME140.dll
0x00007ffef4930000 - 0x00007ffef4bca000 	C:\Windows\WinSxS\amd64_microsoft.windows.common-controls_6595b64144ccf1df_6.0.19041.3636_none_60b6a03d71f818d5\COMCTL32.dll
0x00007ffef6480000 - 0x00007ffef648a000 	C:\Windows\SYSTEM32\VERSION.dll
0x00007fff05560000 - 0x00007fff05592000 	C:\Windows\System32\IMM32.DLL
0x00007fff002d0000 - 0x00007fff002dc000 	C:\Program Files\Java\jdk-17\bin\vcruntime140_1.dll
0x00007ffeeb650000 - 0x00007ffeeb6de000 	C:\Program Files\Java\jdk-17\bin\msvcp140.dll
0x00007ffecca50000 - 0x00007ffecd62d000 	C:\Program Files\Java\jdk-17\bin\server\jvm.dll
0x00007fff06b10000 - 0x00007fff06b18000 	C:\Windows\System32\PSAPI.DLL
0x00007ffeed1c0000 - 0x00007ffeed1c9000 	C:\Windows\SYSTEM32\WSOCK32.dll
0x00007fff05e50000 - 0x00007fff05ebb000 	C:\Windows\System32\WS2_32.dll
0x00007ffef4560000 - 0x00007ffef4587000 	C:\Windows\SYSTEM32\WINMM.dll
0x00007fff022a0000 - 0x00007fff022b2000 	C:\Windows\SYSTEM32\kernel.appcore.dll
0x00007fff00290000 - 0x00007fff0029a000 	C:\Program Files\Java\jdk-17\bin\jimage.dll
0x00007ffef68b0000 - 0x00007ffef6a94000 	C:\Windows\SYSTEM32\DBGHELP.DLL
0x00007ffef6870000 - 0x00007ffef68a4000 	C:\Windows\SYSTEM32\dbgcore.DLL
0x00007fff04cf0000 - 0x00007fff04d72000 	C:\Windows\System32\bcryptPrimitives.dll
0x00007ffef85a0000 - 0x00007ffef85c5000 	C:\Program Files\Java\jdk-17\bin\java.dll

dbghelp: loaded successfully - version: 4.0.5 - missing functions: none
symbol engine: initialized successfully - sym options: 0x614 - pdb path: .;C:\Program Files\Java\jdk-17\bin;C:\Windows\SYSTEM32;C:\Windows\WinSxS\amd64_microsoft.windows.common-controls_6595b64144ccf1df_6.0.19041.3636_none_60b6a03d71f818d5;C:\Program Files\Java\jdk-17\bin\server

VM Arguments:
jvm_args: -Dfile.encoding=UTF-8 -XX:+ShowCodeDetailsInExceptionMessages 
java_command: com.br.collectioncomparison.view.ComparableView
java_class_path (initial): C:\Users\Dell\OneDrive\Documentos\faculdade\Disciplinas\4º Semestre\Java\Comparable_Collections\bin
Launcher Type: SUN_STANDARD

[Global flags]
     intx CICompilerCount                          = 3                                         {product} {ergonomic}
     uint ConcGCThreads                            = 1                                         {product} {ergonomic}
     uint G1ConcRefinementThreads                  = 4                                         {product} {ergonomic}
   size_t G1HeapRegionSize                         = 1048576                                   {product} {ergonomic}
    uintx GCDrainStackTargetSize                   = 64                                        {product} {ergonomic}
   size_t InitialHeapSize                          = 134217728                                 {product} {ergonomic}
   size_t MarkStackSize                            = 4194304                                   {product} {ergonomic}
   size_t MaxHeapSize                              = 2118123520                                {product} {ergonomic}
   size_t MinHeapDeltaBytes                        = 1048576                                   {product} {ergonomic}
   size_t MinHeapSize                              = 8388608                                   {product} {ergonomic}
    uintx NonNMethodCodeHeapSize                   = 5832780                                {pd product} {ergonomic}
    uintx NonProfiledCodeHeapSize                  = 122912730                              {pd product} {ergonomic}
    uintx ProfiledCodeHeapSize                     = 122912730                              {pd product} {ergonomic}
    uintx ReservedCodeCacheSize                    = 251658240                              {pd product} {ergonomic}
     bool SegmentedCodeCache                       = true                                      {product} {ergonomic}
     bool ShowCodeDetailsInExceptionMessages       = true                                   {manageable} {command line}
   size_t SoftMaxHeapSize                          = 2118123520                             {manageable} {ergonomic}
     bool UseCompressedClassPointers               = true                           {product lp64_product} {ergonomic}
     bool UseCompressedOops                        = true                           {product lp64_product} {ergonomic}
     bool UseG1GC                                  = true                                      {product} {ergonomic}
     bool UseLargePagesIndividualAllocation        = false                                  {pd product} {ergonomic}

Logging:
Log output configuration:
 #0: stdout all=warning uptime,level,tags
 #1: stderr all=off uptime,level,tags

Environment Variables:
PATH=C:\Program Files\Common Files\Oracle\Java\javapath;C:\Program Files (x86)\NVIDIA Corporation\PhysX\Common;C:\Windows\system32;C:\Windows;C:\Windows\System32\Wbem;C:\Windows\System32\WindowsPowerShell\v1.0\;C:\Windows\System32\OpenSSH\;C:\Program Files (x86)\NoteBook FanControl\;C:\Program Files\dotnet\;C:\Program Files\Microsoft SQL Server\150\Tools\Binn\;C:\Program Files\nodejs\;C:\Program Files\Git\cmd;C:\Program Files\Java\jdk-17\bin;C:\Program Files\Docker\Docker\resources\bin;C:\wamp64\bin\php\php7.4.33;C:\ProgramData\ComposerSetup\bin;C:\Users\Dell\OneDrive\Documentos\faculdade\apache-maven-3.9.5\bin;C:\xampp\php;C:\maven\apache-maven-3.9.6\bin;C:\Program Files\PostgreSQL\16\bin;C:\Users\Dell\.cargo\bin;C:\Users\Dell\AppData\Local\Programs\Python\Python311\Scripts\;C:\Users\Dell\AppData\Local\Programs\Python\Python311\;C:\Users\Dell\AppData\Local\Microsoft\WindowsApps;C:\Users\Dell\AppData\Local\Programs\Microsoft VS Code\bin;C:\Users\Dell\PycharmProjects\pythonLabTeste\venv\Scripts;C:\Users\Dell\AppData\Roaming\npm;C:\Users\Dell\AppData\Local\GitHubDesktop\bin;C:\Users\Dell\AppData\Roaming\Composer\vendor\bin
USERNAME=Dell
LANG=PT
OS=Windows_NT
PROCESSOR_IDENTIFIER=Intel64 Family 6 Model 69 Stepping 1, GenuineIntel



---------------  S Y S T E M  ---------------

OS:
 Windows 10 , 64 bit Build 19041 (10.0.19041.3636)
OS uptime: 0 days 10:31 hours
Hyper-V role detected

CPU: total 4 (initial active 4) (2 cores per cpu, 2 threads per core) family 6 model 69 stepping 1 microcode 0x25, cx8, cmov, fxsr, ht, mmx, sse, sse2, sse3, ssse3, sse4.1, sse4.2, popcnt, lzcnt, tsc, tscinvbit, avx, avx2, aes, erms, clmul, bmi1, bmi2, fma, vzeroupper, clflush, hv

Memory: 4k page, system-wide physical 8072M (424M free)
TotalPageFile size 32648M (AvailPageFile size 62M)
current process WorkingSet (physical memory assigned to process): 10M, peak: 10M
current process commit charge ("private bytes"): 51M, peak: 179M

vm_info: Java HotSpot(TM) 64-Bit Server VM (17.0.7+8-LTS-224) for windows-amd64 JRE (17.0.7+8-LTS-224), built on Feb 28 2023 23:03:02 by "mach5one" with MS VC++ 17.1 (VS2022)

END.
